#
# A fatal error has been detected by the Java Runtime Environment:
#
#  EXCEPTION_ACCESS_VIOLATION (0xc0000005) at pc=0x000000005848fed7, pid=13448, tid=0x00000000000034f0
#
# JRE version: OpenJDK Runtime Environment (8.0_242-b01) (build 1.8.0_242-release-1644-b01)
# Java VM: OpenJDK 64-Bit Server VM (25.242-b01 mixed mode windows-amd64 compressed oops)
# Problematic frame:
# V  [jvm.dll+0x1efed7]
#
# Failed to write core dump. Minidumps are not enabled by default on client versions of Windows
#
# If you would like to submit a bug report, please visit:
#   
#

---------------  T H R E A D  ---------------

Current thread (0x0000000024aa9800):  JavaThread "Cache worker for Java compile cache (C:\Users\user\.gradle\caches\6.5\javaCompile)" [_thread_in_vm, id=13552, stack(0x000000002f070000,0x000000002f170000)]

siginfo: ExceptionCode=0xc0000005, writing address 0x000000002f160f50

Registers:
RAX=0x000000002f160f50, RBX=0x0000000000000007, RCX=0x0000000000006000, RDX=0x0000000000000028
RSP=0x000000002f166f50, RBP=0x0000000000000000, RSI=0x000000002f166f50, RDI=0x0000000000000007
R8 =0x0000000000000028, R9 =0x000000002a536a60, R10=0x0000000016f34c98, R11=0x000000002f07a1b0
R12=0x00000000ffffffff, R13=0x0000000024aa9800, R14=0x0000000024aa9800, R15=0x0000000016f34c98
RIP=0x000000005848fed7, EFLAGS=0x0000000000010206

Top of Stack: (sp=0x000000002f166f50)
0x000000002f166f50:   0000000000000000 0000000000000010
0x000000002f166f60:   0000000024aa9800 00000000ffffffff
0x000000002f166f70:   000000002f167018 0000000058490eb7
0x000000002f166f80:   000000002f167080 000000002a536a60
0x000000002f166f90:   0000000016f34c98 00000000584b258b
0x000000002f166fa0:   000000001fe79930 0000000000000371
0x000000002f166fb0:   0000000000000000 0000000025061f90
0x000000002f166fc0:   0000000016f34c98 0000000024aa9800
0x000000002f166fd0:   0000000002cee3e0 0000000000000010
0x000000002f166fe0:   000000002eeaf5f2 0000000058493785
0x000000002f166ff0:   0000000019760e10 00000000582ce979
0x000000002f167000:   0000000000000001 0000000016f34c98
0x000000002f167010:   0000000024aa9800 000000002f5a80d8
0x000000002f167020:   0000000025068f00 00007ffb7ebc5d21
0x000000002f167030:   000000002f167338 0000000002b90000
0x000000002f167040:   000000002eeaf5fe 00007ffb7c38065d 

Instructions: (pc=0x000000005848fed7)
0x000000005848feb7:   48 89 6c 24 30 33 ed 66 90 e8 4b d9 07 00 ff c3
0x000000005848fec7:   48 63 c8 48 8b c6 48 0f af cf 48 ff c7 48 2b c1
0x000000005848fed7:   89 28 48 63 c3 48 3b 05 65 b8 57 00 7e db 48 8b
0x000000005848fee7:   6c 24 30 48 8b 5c 24 38 48 8b 74 24 40 48 83 c4 


Register to memory mapping:

RAX=0x000000002f160f50 is pointing into the stack for thread: 0x0000000024aa9800
RBX=0x0000000000000007 is an unknown value
RCX=0x0000000000006000 is an unknown value
RDX=0x0000000000000028 is an unknown value
RSP=0x000000002f166f50 is pointing into the stack for thread: 0x0000000024aa9800
RBP=0x0000000000000000 is an unknown value
RSI=0x000000002f166f50 is pointing into the stack for thread: 0x0000000024aa9800
RDI=0x0000000000000007 is an unknown value
R8 =0x0000000000000028 is an unknown value
R9 =0x000000002a536a60 is an unknown value
R10={method} {0x0000000016f34ca0} 'checkPackageAccess' '(Ljava/lang/Class;Ljava/security/ProtectionDomain;)V' in 'java/lang/ClassLoader'
R11=0x000000002f07a1b0 is pointing into the stack for thread: 0x0000000024aa9800
R12=0x00000000ffffffff is an unallocated location in the heap
R13=0x0000000024aa9800 is a thread
R14=0x0000000024aa9800 is a thread
R15={method} {0x0000000016f34ca0} 'checkPackageAccess' '(Ljava/lang/Class;Ljava/security/ProtectionDomain;)V' in 'java/lang/ClassLoader'


Stack: [0x000000002f070000,0x000000002f170000],  sp=0x000000002f166f50,  free space=987k
Native frames: (J=compiled Java code, j=interpreted, Vv=VM code, C=native code)

Java frames: (J=compiled Java code, j=interpreted, Vv=VM code)
J 756  java.lang.ClassLoader.defineClass1(Ljava/lang/String;[BIILjava/security/ProtectionDomain;Ljava/lang/String;)Ljava/lang/Class; (0 bytes) @ 0x0000000002f8c01f [0x0000000002f8bf80+0x9f]
J 4971 C2 java.lang.ClassLoader.defineClass(Ljava/lang/String;[BIILjava/security/ProtectionDomain;)Ljava/lang/Class; (43 bytes) @ 0x0000000003c73028 [0x0000000003c72b00+0x528]
J 12646 C2 java.security.SecureClassLoader.defineClass(Ljava/lang/String;[BIILjava/security/CodeSource;)Ljava/lang/Class; (16 bytes) @ 0x000000000500f984 [0x000000000500f260+0x724]
J 7000 C2 java.net.URLClassLoader$1.run()Ljava/lang/Object; (5 bytes) @ 0x0000000003785ce4 [0x0000000003784dc0+0xf24]
v  ~StubRoutines::call_stub
J 432  java.security.AccessController.doPrivileged(Ljava/security/PrivilegedExceptionAction;Ljava/security/AccessControlContext;)Ljava/lang/Object; (0 bytes) @ 0x0000000002e94366 [0x0000000002e94300+0x66]
J 1468 C2 java.net.URLClassLoader.findClass(Ljava/lang/String;)Ljava/lang/Class; (47 bytes) @ 0x00000000031c6170 [0x00000000031c60e0+0x90]
J 3779 C2 java.lang.ClassLoader.loadClass(Ljava/lang/String;Z)Ljava/lang/Class; (122 bytes) @ 0x0000000003a86740 [0x0000000003a86340+0x400]
J 2641 C2 java.lang.ClassLoader.loadClass(Ljava/lang/String;)Ljava/lang/Class; (7 bytes) @ 0x0000000003664180 [0x0000000003664140+0x40]
v  ~StubRoutines::call_stub
J 756  java.lang.ClassLoader.defineClass1(Ljava/lang/String;[BIILjava/security/ProtectionDomain;Ljava/lang/String;)Ljava/lang/Class; (0 bytes) @ 0x0000000002f8c01f [0x0000000002f8bf80+0x9f]
J 4971 C2 java.lang.ClassLoader.defineClass(Ljava/lang/String;[BIILjava/security/ProtectionDomain;)Ljava/lang/Class; (43 bytes) @ 0x0000000003c73028 [0x0000000003c72b00+0x528]
J 12646 C2 java.security.SecureClassLoader.defineClass(Ljava/lang/String;[BIILjava/security/CodeSource;)Ljava/lang/Class; (16 bytes) @ 0x000000000500f984 [0x000000000500f260+0x724]
J 7000 C2 java.net.URLClassLoader$1.run()Ljava/lang/Object; (5 bytes) @ 0x0000000003785ce4 [0x0000000003784dc0+0xf24]
v  ~StubRoutines::call_stub
J 432  java.security.AccessController.doPrivileged(Ljava/security/PrivilegedExceptionAction;Ljava/security/AccessControlContext;)Ljava/lang/Object; (0 bytes) @ 0x0000000002e94366 [0x0000000002e94300+0x66]
J 1468 C2 java.net.URLClassLoader.findClass(Ljava/lang/String;)Ljava/lang/Class; (47 bytes) @ 0x00000000031c6170 [0x00000000031c60e0+0x90]
J 3779 C2 java.lang.ClassLoader.loadClass(Ljava/lang/String;Z)Ljava/lang/Class; (122 bytes) @ 0x0000000003a86740 [0x0000000003a86340+0x400]
J 2641 C2 java.lang.ClassLoader.loadClass(Ljava/lang/String;)Ljava/lang/Class; (7 bytes) @ 0x0000000003664180 [0x0000000003664140+0x40]
v  ~StubRoutines::call_stub
J 756  java.lang.ClassLoader.defineClass1(Ljava/lang/String;[BIILjava/security/ProtectionDomain;Ljava/lang/String;)Ljava/lang/Class; (0 bytes) @ 0x0000000002f8c01f [0x0000000002f8bf80+0x9f]
J 4971 C2 java.lang.ClassLoader.defineClass(Ljava/lang/String;[BIILjava/security/ProtectionDomain;)Ljava/lang/Class; (43 bytes) @ 0x0000000003c73028 [0x0000000003c72b00+0x528]
J 12646 C2 java.security.SecureClassLoader.defineClass(Ljava/lang/String;[BIILjava/security/CodeSource;)Ljava/lang/Class; (16 bytes) @ 0x000000000500f984 [0x000000000500f260+0x724]
J 7000 C2 java.net.URLClassLoader$1.run()Ljava/lang/Object; (5 bytes) @ 0x0000000003785ce4 [0x0000000003784dc0+0xf24]
v  ~StubRoutines::call_stub
J 432  java.security.AccessController.doPrivileged(Ljava/security/PrivilegedExceptionAction;Ljava/security/AccessControlContext;)Ljava/lang/Object; (0 bytes) @ 0x0000000002e94366 [0x0000000002e94300+0x66]
J 1468 C2 java.net.URLClassLoader.findClass(Ljava/lang/String;)Ljava/lang/Class; (47 bytes) @ 0x00000000031c6170 [0x00000000031c60e0+0x90]
J 3779 C2 java.lang.ClassLoader.loadClass(Ljava/lang/String;Z)Ljava/lang/Class; (122 bytes) @ 0x0000000003a86740 [0x0000000003a86340+0x400]
J 2641 C2 java.lang.ClassLoader.loadClass(Ljava/lang/String;)Ljava/lang/Class; (7 bytes) @ 0x0000000003664180 [0x0000000003664140+0x40]
v  ~StubRoutines::call_stub
j  org.gradle.internal.serialize.IntSetSerializer.read(Lorg/gradle/internal/serialize/Decoder;)Lit/unimi/dsi/fastutil/ints/IntSet;+15
j  org.gradle.api.internal.tasks.compile.incremental.deps.ClassSetAnalysisData$Serializer.read(Lorg/gradle/internal/serialize/Decoder;)Lorg/gradle/api/internal/tasks/compile/incremental/deps/ClassSetAnalysisData;+133
j  org.gradle.api.internal.tasks.compile.incremental.deps.ClassSetAnalysisData$Serializer.read(Lorg/gradle/internal/serialize/Decoder;)Ljava/lang/Object;+2
j  org.gradle.api.internal.tasks.compile.incremental.classpath.ClasspathEntrySnapshotDataSerializer.read(Lorg/gradle/internal/serialize/Decoder;)Lorg/gradle/api/internal/tasks/compile/incremental/classpath/ClasspathEntrySnapshotData;+23
j  org.gradle.api.internal.tasks.compile.incremental.classpath.ClasspathEntrySnapshotDataSerializer.read(Lorg/gradle/internal/serialize/Decoder;)Ljava/lang/Object;+2
J 4426 C1 org.gradle.cache.internal.btree.BTreePersistentIndexedCache$DataBlock.getValue()Ljava/lang/Object; (47 bytes) @ 0x0000000002e3812c [0x0000000002e37ca0+0x48c]
J 4502 C1 org.gradle.cache.internal.btree.BTreePersistentIndexedCache.get(Ljava/lang/Object;)Ljava/lang/Object; (57 bytes) @ 0x0000000002ee685c [0x0000000002ee6640+0x21c]
J 4418 C1 org.gradle.cache.internal.DefaultMultiProcessSafePersistentIndexedCache$1.create()Ljava/lang/Object; (12 bytes) @ 0x0000000002db0a1c [0x0000000002db0980+0x9c]
J 4417 C1 org.gradle.cache.internal.DefaultFileLockManager$DefaultFileLock.readFile(Lorg/gradle/internal/Factory;)Ljava/lang/Object; (11 bytes) @ 0x0000000002ebb2f4 [0x0000000002ebb1c0+0x134]
J 4416 C1 org.gradle.cache.internal.DefaultCacheAccess$UnitOfWorkFileAccess.readFile(Lorg/gradle/internal/Factory;)Ljava/lang/Object; (14 bytes) @ 0x0000000002ebb81c [0x0000000002ebb6a0+0x17c]
J 4414 C1 org.gradle.cache.internal.DefaultMultiProcessSafePersistentIndexedCache.get(Ljava/lang/Object;)Ljava/lang/Object; (28 bytes) @ 0x0000000002e7a06c [0x0000000002e79c00+0x46c]
J 7524 C1 org.gradle.cache.internal.AsyncCacheAccessDecoratedCache$1.create()Ljava/lang/Object; (17 bytes) @ 0x00000000034862a4 [0x0000000003486180+0x124]
J 7523 C1 org.gradle.cache.internal.CacheAccessWorker$1.call()Ljava/lang/Object; (10 bytes) @ 0x0000000002e72284 [0x0000000002e72180+0x104]
J 7522 C1 java.util.concurrent.FutureTask.run()V (126 bytes) @ 0x000000000326c94c [0x000000000326c700+0x24c]
J 13349 C2 org.gradle.internal.concurrent.ExecutorPolicy$CatchAndRecordFailures.onExecute(Ljava/lang/Runnable;)V (29 bytes) @ 0x0000000005188008 [0x0000000005187fc0+0x48]
j  org.gradle.cache.internal.CacheAccessWorker$2.run()V+32
j  org.gradle.internal.Factories$1.create()Ljava/lang/Object;+4
J 4262 C1 org.gradle.cache.internal.DefaultCacheAccess.useCache(Lorg/gradle/internal/Factory;)Ljava/lang/Object; (191 bytes) @ 0x00000000030919c4 [0x00000000030915a0+0x424]
j  org.gradle.cache.internal.DefaultCacheAccess.useCache(Ljava/lang/Runnable;)V+5
j  org.gradle.cache.internal.CacheAccessWorker.flushOperations(Ljava/lang/Runnable;)V+22
j  org.gradle.cache.internal.CacheAccessWorker.run()V+60
J 8032 C1 org.gradle.internal.concurrent.ManagedExecutorImpl$1.run()V (59 bytes) @ 0x000000000439053c [0x0000000004390020+0x51c]
j  java.util.concurrent.ThreadPoolExecutor.runWorker(Ljava/util/concurrent/ThreadPoolExecutor$Worker;)V+95
j  java.util.concurrent.ThreadPoolExecutor$Worker.run()V+5
j  org.gradle.internal.concurrent.ThreadFactoryImpl$ManagedThreadRunnable.run()V+7
j  java.lang.Thread.run()V+11
v  ~StubRoutines::call_stub

---------------  P R O C E S S  ---------------

Java Threads: ( => current thread )
  0x0000000024aaa800 JavaThread "Cache worker for Java compile cache (C:\Users\user\AndroidStudioProjects\Flixster\.gradle\6.5\javaCompile)" [_thread_blocked, id=5920, stack(0x000000002f170000,0x000000002f270000)]
=>0x0000000024aa9800 JavaThread "Cache worker for Java compile cache (C:\Users\user\.gradle\caches\6.5\javaCompile)" [_thread_in_vm, id=13552, stack(0x000000002f070000,0x000000002f170000)]
  0x0000000024aa2000 JavaThread "stdout" [_thread_in_native, id=12372, stack(0x000000002e970000,0x000000002ea70000)]
  0x0000000024aa3000 JavaThread "stderr" [_thread_in_native, id=13736, stack(0x000000002e870000,0x000000002e970000)]
  0x0000000024aa5000 JavaThread "stdout" [_thread_in_native, id=1672, stack(0x000000002e770000,0x000000002e870000)]
  0x0000000024aa8000 JavaThread "stderr" [_thread_in_native, id=4660, stack(0x000000002e670000,0x000000002e770000)]
  0x0000000024aa4800 JavaThread "stdout" [_thread_in_native, id=14408, stack(0x000000002e570000,0x000000002e670000)]
  0x0000000024aa9000 JavaThread "stderr" [_thread_in_native, id=7860, stack(0x000000002e470000,0x000000002e570000)]
  0x000000001e48d000 JavaThread "stdout" [_thread_in_native, id=13232, stack(0x000000002e370000,0x000000002e470000)]
  0x000000001e48c800 JavaThread "stderr" [_thread_in_native, id=15864, stack(0x000000002e270000,0x000000002e370000)]
  0x000000001e492800 JavaThread "pool-4-thread-1" [_thread_blocked, id=6648, stack(0x000000002e170000,0x000000002e270000)]
  0x000000001e491800 JavaThread "WorkerExecutor Queue Thread 4" [_thread_blocked, id=9144, stack(0x000000002e070000,0x000000002e170000)]
  0x000000001e48e000 JavaThread "WorkerExecutor Queue Thread 3" [_thread_blocked, id=10360, stack(0x000000002de40000,0x000000002df40000)]
  0x000000001e490000 JavaThread "WorkerExecutor Queue Thread 2" [_thread_blocked, id=15228, stack(0x000000002df70000,0x000000002e070000)]
  0x000000001e48e800 JavaThread "WorkerExecutor Queue" [_thread_blocked, id=16312, stack(0x000000002db40000,0x000000002dc40000)]
  0x000000001e483800 JavaThread "Cache worker for execution history cache (C:\Users\user\AndroidStudioProjects\Flixster\.gradle\6.5\executionHistory)" [_thread_blocked, id=4540, stack(0x000000002da40000,0x000000002db40000)]
  0x000000001e48a000 JavaThread "Execution worker for ':' Thread 3" [_thread_blocked, id=16292, stack(0x000000002d940000,0x000000002da40000)]
  0x000000001e486800 JavaThread "Execution worker for ':' Thread 2" [_thread_blocked, id=8980, stack(0x000000002d840000,0x000000002d940000)]
  0x000000001e485000 JavaThread "Execution worker for ':'" [_thread_blocked, id=8120, stack(0x000000002d740000,0x000000002d840000)]
  0x000000001e484000 JavaThread "Cache worker for file content cache (C:\Users\user\AndroidStudioProjects\Flixster\.gradle\6.5\fileContent)" [_thread_blocked, id=8368, stack(0x000000002d440000,0x000000002d540000)]
  0x000000001e489800 JavaThread "Cache worker for Build Output Cleanup Cache (C:\Users\user\AndroidStudioProjects\Flixster\.gradle\buildOutputCleanup)" [_thread_blocked, id=8912, stack(0x000000002ce60000,0x000000002cf60000)]
  0x000000001e485800 JavaThread "Build operations Thread 4" [_thread_in_native, id=14676, stack(0x000000002bb00000,0x000000002bc00000)]
  0x000000001e488800 JavaThread "Build operations Thread 3" [_thread_blocked, id=12168, stack(0x00000000251e0000,0x00000000252e0000)]
  0x000000001e487000 JavaThread "Build operations Thread 2" [_thread_blocked, id=15172, stack(0x00000000240f0000,0x00000000241f0000)]
  0x000000001b48b000 JavaThread "Build operations" [_thread_blocked, id=2112, stack(0x0000000023ff0000,0x00000000240f0000)]
  0x000000001a3c5000 JavaThread "Cache worker for cache directory md-rule (C:\Users\user\.gradle\caches\6.5\md-rule)" [_thread_blocked, id=13792, stack(0x0000000023ef0000,0x0000000023ff0000)]
  0x000000001a3c7000 JavaThread "Cache worker for cache directory md-supplier (C:\Users\user\.gradle\caches\6.5\md-supplier)" [_thread_blocked, id=3248, stack(0x00000000231d0000,0x00000000232d0000)]
  0x000000001b8a4000 JavaThread "Cache worker for checksums cache (C:\Users\user\AndroidStudioProjects\Flixster\.gradle\checksums)" [_thread_blocked, id=7736, stack(0x00000000228d0000,0x00000000229d0000)]
  0x000000001b8aa800 JavaThread "Cache worker for file hash cache (C:\Users\user\AndroidStudioProjects\Flixster\.gradle\6.5\fileHashes)" [_thread_blocked, id=6544, stack(0x000000001d490000,0x000000001d590000)]
  0x000000001b8a8800 JavaThread "Thread-124" [_thread_blocked, id=7752, stack(0x000000001ce90000,0x000000001cf90000)]
  0x000000001b8a7800 JavaThread "Stdin handler" [_thread_blocked, id=3552, stack(0x000000001cd90000,0x000000001ce90000)]
  0x000000001b8a0000 JavaThread "Asynchronous log dispatcher for DefaultDaemonConnection: socket connection from /127.0.0.1:7420 to /127.0.0.1:7440" [_thread_blocked, id=13764, stack(0x000000001cc90000,0x000000001cd90000)]
  0x000000001f0bf000 JavaThread "Cancel handler" [_thread_blocked, id=8816, stack(0x000000001ca90000,0x000000001cb90000)]
  0x000000001f0c1000 JavaThread "Handler for socket connection from /127.0.0.1:7420 to /127.0.0.1:7440" [_thread_in_native, id=16032, stack(0x000000001c990000,0x000000001ca90000)]
  0x000000001f0bc800 JavaThread "Memory manager" [_thread_blocked, id=12296, stack(0x000000002bf60000,0x000000002c060000)]
  0x000000001f0bf800 JavaThread "jar transforms Thread 92" [_thread_blocked, id=9384, stack(0x0000000029a30000,0x0000000029b30000)]
  0x000000001f0bc000 JavaThread "jar transforms Thread 91" [_thread_blocked, id=12308, stack(0x0000000029930000,0x0000000029a30000)]
  0x000000001f0bd800 JavaThread "jar transforms Thread 90" [_thread_blocked, id=15664, stack(0x0000000029830000,0x0000000029930000)]
  0x000000001f0c2000 JavaThread "jar transforms Thread 89" [_thread_blocked, id=10744, stack(0x0000000029730000,0x0000000029830000)]
  0x000000001f0b4800 JavaThread "jar transforms Thread 88" [_thread_blocked, id=16184, stack(0x0000000029630000,0x0000000029730000)]
  0x000000001f0bb000 JavaThread "jar transforms Thread 87" [_thread_blocked, id=12560, stack(0x0000000029530000,0x0000000029630000)]
  0x000000001f0ba800 JavaThread "jar transforms Thread 86" [_thread_blocked, id=11364, stack(0x0000000029430000,0x0000000029530000)]
  0x000000001f0b9800 JavaThread "jar transforms Thread 85" [_thread_blocked, id=2984, stack(0x0000000029330000,0x0000000029430000)]
  0x000000001f0b8000 JavaThread "jar transforms Thread 84" [_thread_blocked, id=1916, stack(0x0000000029230000,0x0000000029330000)]
  0x000000001f0b6000 JavaThread "jar transforms Thread 83" [_thread_blocked, id=5860, stack(0x0000000029130000,0x0000000029230000)]
  0x000000001f0b7800 JavaThread "jar transforms Thread 82" [_thread_blocked, id=16192, stack(0x0000000029030000,0x0000000029130000)]
  0x000000001f0b3000 JavaThread "jar transforms Thread 81" [_thread_blocked, id=7176, stack(0x0000000028f30000,0x0000000029030000)]
  0x000000001f0b6800 JavaThread "jar transforms Thread 80" [_thread_blocked, id=15100, stack(0x0000000028e30000,0x0000000028f30000)]
  0x000000001f0b9000 JavaThread "jar transforms Thread 79" [_thread_blocked, id=1332, stack(0x0000000028d30000,0x0000000028e30000)]
  0x000000001f0b3800 JavaThread "jar transforms Thread 78" [_thread_blocked, id=14968, stack(0x0000000028c30000,0x0000000028d30000)]
  0x000000001f0b5000 JavaThread "jar transforms Thread 77" [_thread_blocked, id=15844, stack(0x0000000028b30000,0x0000000028c30000)]
  0x000000001f8ab800 JavaThread "jar transforms Thread 76" [_thread_blocked, id=14532, stack(0x0000000028a30000,0x0000000028b30000)]
  0x000000001f8a9000 JavaThread "jar transforms Thread 75" [_thread_blocked, id=7316, stack(0x0000000028930000,0x0000000028a30000)]
  0x000000001f8aa800 JavaThread "jar transforms Thread 74" [_thread_blocked, id=15072, stack(0x0000000028830000,0x0000000028930000)]
  0x000000001f8a8000 JavaThread "jar transforms Thread 73" [_thread_blocked, id=15956, stack(0x0000000028730000,0x0000000028830000)]
  0x000000001f8aa000 JavaThread "jar transforms Thread 72" [_thread_blocked, id=15904, stack(0x0000000028630000,0x0000000028730000)]
  0x000000001f8a5000 JavaThread "jar transforms Thread 71" [_thread_blocked, id=15344, stack(0x0000000028530000,0x0000000028630000)]
  0x000000001f8a7800 JavaThread "jar transforms Thread 70" [_thread_blocked, id=14176, stack(0x0000000028430000,0x0000000028530000)]
  0x000000001f8a6800 JavaThread "jar transforms Thread 69" [_thread_blocked, id=15572, stack(0x0000000028330000,0x0000000028430000)]
  0x000000001f8a6000 JavaThread "jar transforms Thread 68" [_thread_blocked, id=9488, stack(0x0000000028230000,0x0000000028330000)]
  0x000000001f89d800 JavaThread "jar transforms Thread 67" [_thread_blocked, id=7788, stack(0x0000000028130000,0x0000000028230000)]
  0x000000001f8a3000 JavaThread "jar transforms Thread 66" [_thread_blocked, id=15056, stack(0x0000000027df0000,0x0000000027ef0000)]
  0x000000001f8a4800 JavaThread "jar transforms Thread 65" [_thread_blocked, id=14976, stack(0x0000000028030000,0x0000000028130000)]
  0x000000001f8a0800 JavaThread "jar transforms Thread 64" [_thread_blocked, id=5520, stack(0x0000000027f30000,0x0000000028030000)]
  0x000000001f8a3800 JavaThread "jar transforms Thread 63" [_thread_blocked, id=14732, stack(0x0000000027cf0000,0x0000000027df0000)]
  0x000000001f89f000 JavaThread "jar transforms Thread 62" [_thread_blocked, id=15848, stack(0x0000000027bf0000,0x0000000027cf0000)]
  0x000000001f89d000 JavaThread "jar transforms Thread 61" [_thread_blocked, id=13560, stack(0x0000000027af0000,0x0000000027bf0000)]
  0x000000001f89c000 JavaThread "jar transforms Thread 60" [_thread_blocked, id=8792, stack(0x00000000279f0000,0x0000000027af0000)]
  0x000000001f8a0000 JavaThread "jar transforms Thread 59" [_thread_blocked, id=7568, stack(0x00000000278f0000,0x00000000279f0000)]
  0x000000001f8a2000 JavaThread "jar transforms Thread 58" [_thread_blocked, id=6128, stack(0x00000000277f0000,0x00000000278f0000)]
  0x000000001f8a1800 JavaThread "jar transforms Thread 57" [_thread_blocked, id=8844, stack(0x00000000276f0000,0x00000000277f0000)]
  0x000000001f89e800 JavaThread "jar transforms Thread 56" [_thread_blocked, id=13668, stack(0x00000000275f0000,0x00000000276f0000)]
  0x000000001f091000 JavaThread "jar transforms Thread 55" [_thread_blocked, id=14848, stack(0x00000000274f0000,0x00000000275f0000)]
  0x000000001f08b000 JavaThread "jar transforms Thread 54" [_thread_blocked, id=15792, stack(0x00000000273f0000,0x00000000274f0000)]
  0x000000001f08c000 JavaThread "jar transforms Thread 53" [_thread_blocked, id=14684, stack(0x0000000026fc0000,0x00000000270c0000)]
  0x000000001f090800 JavaThread "jar transforms Thread 52" [_thread_blocked, id=8152, stack(0x00000000272f0000,0x00000000273f0000)]
  0x000000001f08f000 JavaThread "jar transforms Thread 51" [_thread_blocked, id=15404, stack(0x00000000271f0000,0x00000000272f0000)]
  0x000000001f08f800 JavaThread "jar transforms Thread 50" [_thread_blocked, id=15380, stack(0x00000000270f0000,0x00000000271f0000)]
  0x000000001f092000 JavaThread "jar transforms Thread 49" [_thread_blocked, id=6180, stack(0x0000000026ec0000,0x0000000026fc0000)]
  0x000000001f08e000 JavaThread "jar transforms Thread 48" [_thread_blocked, id=11376, stack(0x0000000026dc0000,0x0000000026ec0000)]
  0x000000001f08d800 JavaThread "jar transforms Thread 47" [_thread_blocked, id=6948, stack(0x0000000026cc0000,0x0000000026dc0000)]
  0x000000001f08c800 JavaThread "jar transforms Thread 46" [_thread_blocked, id=8064, stack(0x0000000026bc0000,0x0000000026cc0000)]
  0x000000001f083800 JavaThread "jar transforms Thread 45" [_thread_blocked, id=3244, stack(0x00000000267a0000,0x00000000268a0000)]
  0x000000001f08a800 JavaThread "jar transforms Thread 44" [_thread_blocked, id=9808, stack(0x0000000026ac0000,0x0000000026bc0000)]
  0x000000001f089800 JavaThread "jar transforms Thread 43" [_thread_blocked, id=2852, stack(0x00000000269c0000,0x0000000026ac0000)]
  0x000000001f089000 JavaThread "jar transforms Thread 42" [_thread_blocked, id=13660, stack(0x00000000268c0000,0x00000000269c0000)]
  0x000000001f087800 JavaThread "jar transforms Thread 41" [_thread_blocked, id=7656, stack(0x00000000252e0000,0x00000000253e0000)]
  0x000000001f086800 JavaThread "jar transforms Thread 40" [_thread_blocked, id=3044, stack(0x00000000264c0000,0x00000000265c0000)]
  0x000000001f083000 JavaThread "jar transforms Thread 39" [_thread_blocked, id=6984, stack(0x00000000263c0000,0x00000000264c0000)]
  0x000000001f086000 JavaThread "jar transforms Thread 38" [_thread_blocked, id=4388, stack(0x00000000262c0000,0x00000000263c0000)]
  0x000000001f088000 JavaThread "jar transforms Thread 37" [_thread_blocked, id=16040, stack(0x00000000261c0000,0x00000000262c0000)]
  0x000000001f085000 JavaThread "jar transforms Thread 36" [_thread_blocked, id=3328, stack(0x00000000260c0000,0x00000000261c0000)]
  0x000000001f084800 JavaThread "jar transforms Thread 35" [_thread_blocked, id=16228, stack(0x0000000025fc0000,0x00000000260c0000)]
  0x000000001b8ae800 JavaThread "jar transforms Thread 34" [_thread_blocked, id=12148, stack(0x0000000025ec0000,0x0000000025fc0000)]
  0x000000001b8ad800 JavaThread "jar transforms Thread 33" [_thread_blocked, id=15060, stack(0x0000000025dc0000,0x0000000025ec0000)]
  0x000000001b8ac000 JavaThread "jar transforms Thread 32" [_thread_blocked, id=15476, stack(0x0000000025cc0000,0x0000000025dc0000)]
  0x000000001b8ab800 JavaThread "jar transforms Thread 31" [_thread_blocked, id=2428, stack(0x00000000259a0000,0x0000000025aa0000)]
  0x000000001b8a9000 JavaThread "jar transforms Thread 30" [_thread_blocked, id=13868, stack(0x0000000025bc0000,0x0000000025cc0000)]
  0x000000001b8ad000 JavaThread "jar transforms Thread 29" [_thread_blocked, id=14180, stack(0x0000000025ac0000,0x0000000025bc0000)]
  0x000000001b8a5800 JavaThread "jar transforms Thread 28" [_thread_blocked, id=10380, stack(0x00000000258a0000,0x00000000259a0000)]
  0x000000001b8aa000 JavaThread "jar transforms Thread 27" [_thread_blocked, id=11268, stack(0x00000000257a0000,0x00000000258a0000)]
  0x000000001b8a6000 JavaThread "jar transforms Thread 26" [_thread_blocked, id=16152, stack(0x00000000256a0000,0x00000000257a0000)]
  0x000000001b8a7000 JavaThread "Cache worker for file content cache (C:\Users\user\.gradle\caches\6.5\fileContent)" [_thread_blocked, id=8572, stack(0x00000000230d0000,0x00000000231d0000)]
  0x000000001b8a1800 JavaThread "Cache worker for execution history cache (C:\Users\user\.gradle\caches\6.5\executionHistory)" [_thread_blocked, id=15076, stack(0x0000000022bd0000,0x0000000022cd0000)]
  0x000000001a3c4000 JavaThread "jar transforms Thread 25" [_thread_blocked, id=14488, stack(0x00000000223d0000,0x00000000224d0000)]
  0x000000001a3c3800 JavaThread "jar transforms Thread 24" [_thread_blocked, id=9048, stack(0x00000000222d0000,0x00000000223d0000)]
  0x000000001a3c2800 JavaThread "jar transforms Thread 23" [_thread_blocked, id=8324, stack(0x00000000221d0000,0x00000000222d0000)]
  0x000000001a3c6800 JavaThread "jar transforms Thread 22" [_thread_blocked, id=9004, stack(0x0000000021fd0000,0x00000000220d0000)]
  0x000000001a3bb000 JavaThread "jar transforms Thread 21" [_thread_blocked, id=13888, stack(0x0000000021ed0000,0x0000000021fd0000)]
  0x000000001a3c2000 JavaThread "jar transforms Thread 20" [_thread_blocked, id=3864, stack(0x0000000021dd0000,0x0000000021ed0000)]
  0x000000001a3c1000 JavaThread "jar transforms Thread 19" [_thread_blocked, id=15264, stack(0x0000000021cd0000,0x0000000021dd0000)]
  0x000000001a3c0800 JavaThread "jar transforms Thread 18" [_thread_blocked, id=13528, stack(0x0000000021bd0000,0x0000000021cd0000)]
  0x000000001a3b9000 JavaThread "jar transforms Thread 17" [_thread_blocked, id=704, stack(0x0000000021ad0000,0x0000000021bd0000)]
  0x000000001a3bf800 JavaThread "jar transforms Thread 16" [_thread_blocked, id=15260, stack(0x00000000219d0000,0x0000000021ad0000)]
  0x000000001a3b8000 JavaThread "jar transforms Thread 15" [_thread_blocked, id=16004, stack(0x00000000218d0000,0x00000000219d0000)]
  0x000000001a3ba800 JavaThread "jar transforms Thread 14" [_thread_blocked, id=6744, stack(0x00000000217d0000,0x00000000218d0000)]
  0x000000001a3bc000 JavaThread "jar transforms Thread 13" [_thread_blocked, id=3140, stack(0x00000000216d0000,0x00000000217d0000)]
  0x000000001a3bf000 JavaThread "jar transforms Thread 12" [_thread_blocked, id=3112, stack(0x00000000215d0000,0x00000000216d0000)]
  0x000000001a3b9800 JavaThread "jar transforms Thread 11" [_thread_blocked, id=14948, stack(0x00000000214d0000,0x00000000215d0000)]
  0x000000001a3be000 JavaThread "jar transforms Thread 10" [_thread_blocked, id=3660, stack(0x00000000213d0000,0x00000000214d0000)]
  0x000000001a3bd800 JavaThread "jar transforms Thread 9" [_thread_blocked, id=13748, stack(0x00000000212d0000,0x00000000213d0000)]
  0x000000001a3bc800 JavaThread "jar transforms Thread 8" [_thread_blocked, id=15948, stack(0x00000000211d0000,0x00000000212d0000)]
  0x000000001b491000 JavaThread "jar transforms Thread 7" [_thread_blocked, id=9184, stack(0x00000000210d0000,0x00000000211d0000)]
  0x000000001b48e000 JavaThread "jar transforms Thread 6" [_thread_blocked, id=6416, stack(0x0000000020fd0000,0x00000000210d0000)]
  0x000000001b48d800 JavaThread "jar transforms Thread 5" [_thread_blocked, id=15536, stack(0x0000000020ed0000,0x0000000020fd0000)]
  0x000000001b48c000 JavaThread "jar transforms Thread 4" [_thread_blocked, id=3420, stack(0x000000001fb20000,0x000000001fc20000)]
  0x000000001b48f800 JavaThread "jar transforms Thread 3" [_thread_blocked, id=15080, stack(0x000000001e990000,0x000000001ea90000)]
  0x000000001b490800 JavaThread "jar transforms Thread 2" [_thread_blocked, id=14332, stack(0x000000001e890000,0x000000001e990000)]
  0x000000001b48a800 JavaThread "jar transforms" [_thread_blocked, id=1860, stack(0x000000001e790000,0x000000001e890000)]
  0x000000001b48c800 JavaThread "Cache worker for file hash cache (C:\Users\user\.gradle\caches\6.5\fileHashes)" [_thread_blocked, id=15560, stack(0x000000001d390000,0x000000001d490000)]
  0x000000001b48f000 JavaThread "File lock request listener" [_thread_in_native, id=1120, stack(0x000000001d290000,0x000000001d390000)]
  0x000000001998f800 JavaThread "Cache worker for journal cache (C:\Users\user\.gradle\caches\journal-1)" [_thread_blocked, id=7740, stack(0x000000001d190000,0x000000001d290000)]
  0x0000000019802800 JavaThread "Daemon worker" [_thread_blocked, id=14524, stack(0x000000001cb90000,0x000000001cc90000)]
  0x000000001b1b1000 JavaThread "Daemon" [_thread_blocked, id=11416, stack(0x000000001c890000,0x000000001c990000)]
  0x000000001b136000 JavaThread "Daemon periodic checks" [_thread_blocked, id=3120, stack(0x000000001c590000,0x000000001c690000)]
  0x000000001b134800 JavaThread "Incoming local TCP Connector on port 7420" [_thread_in_native, id=14720, stack(0x000000001c3e0000,0x000000001c4e0000)]
  0x000000001b04f800 JavaThread "Daemon health stats" [_thread_blocked, id=8688, stack(0x000000001c0c0000,0x000000001c1c0000)]
  0x0000000018c6b000 JavaThread "Service Thread" daemon [_thread_blocked, id=13172, stack(0x0000000019520000,0x0000000019620000)]
  0x0000000018c39000 JavaThread "C1 CompilerThread2" daemon [_thread_in_vm, id=7768, stack(0x0000000019420000,0x0000000019520000)]
  0x00000000178ce800 JavaThread "C2 CompilerThread1" daemon [_thread_blocked, id=5528, stack(0x0000000019320000,0x0000000019420000)]
  0x00000000178ca000 JavaThread "C2 CompilerThread0" daemon [_thread_blocked, id=6440, stack(0x0000000019220000,0x0000000019320000)]
  0x00000000178c9000 JavaThread "Attach Listener" daemon [_thread_blocked, id=16000, stack(0x0000000019120000,0x0000000019220000)]
  0x0000000018c30800 JavaThread "Signal Dispatcher" daemon [_thread_blocked, id=14860, stack(0x0000000019020000,0x0000000019120000)]
  0x0000000002c9b000 JavaThread "Finalizer" daemon [_thread_blocked, id=12144, stack(0x0000000018b20000,0x0000000018c20000)]
  0x00000000178a9000 JavaThread "Reference Handler" daemon [_thread_blocked, id=7952, stack(0x0000000018a20000,0x0000000018b20000)]
  0x0000000002b9d800 JavaThread "main" [_thread_blocked, id=13332, stack(0x0000000002a30000,0x0000000002b30000)]

Other Threads:
  0x0000000017886000 VMThread [stack: 0x0000000018920000,0x0000000018a20000] [id=5620]
  0x0000000018c6e000 WatcherThread [stack: 0x0000000019620000,0x0000000019720000] [id=11460]

VM state:not at safepoint (normal execution)

VM Mutex/Monitor currently owned by a thread: None

heap address: 0x0000000080000000, size: 2048 MB, Compressed Oops mode: 32-bit
Narrow klass base: 0x0000000000000000, Narrow klass shift: 3
Compressed class space size: 1073741824 Address: 0x0000000100000000

Heap:
 PSYoungGen      total 528384K, used 104944K [0x00000000d5580000, 0x00000000fe080000, 0x0000000100000000)
  eden space 488448K, 18% used [0x00000000d5580000,0x00000000daf09280,0x00000000f3280000)
  from space 39936K, 33% used [0x00000000f3280000,0x00000000f3f73160,0x00000000f5980000)
  to   space 37888K, 0% used [0x00000000fbb80000,0x00000000fbb80000,0x00000000fe080000)
 ParOldGen       total 211968K, used 58776K [0x0000000080000000, 0x000000008cf00000, 0x00000000d5580000)
  object space 211968K, 27% used [0x0000000080000000,0x0000000083966310,0x000000008cf00000)
 Metaspace       used 106418K, capacity 111594K, committed 111808K, reserved 1146880K
  class space    used 14027K, capacity 15055K, committed 15104K, reserved 1048576K

Card table byte_map: [0x0000000012060000,0x0000000012470000] byte_map_base: 0x0000000011c60000

Marking Bits: (ParMarkBitMap*) 0x0000000058a6f030
 Begin Bits: [0x0000000012b20000, 0x0000000014b20000)
 End Bits:   [0x0000000014b20000, 0x0000000016b20000)

Polling page: 0x0000000000ed0000

CodeCache: size=245760Kb used=46699Kb max_used=46699Kb free=199060Kb
 bounds [0x0000000002ca0000, 0x0000000005a80000, 0x0000000011ca0000]
 total_blobs=15064 nmethods=14125 adapters=850
 compilation: enabled

Compilation events (10 events):
Event: 53.438 Thread 0x0000000018c39000 nmethod 16749 0x0000000005a4d8d0 code [0x0000000005a4da40, 0x0000000005a4de50]
Event: 53.438 Thread 0x0000000018c39000 16751       3       org.apache.tools.zip.FallbackZipEncoding::decode (29 bytes)
Event: 53.439 Thread 0x0000000018c39000 nmethod 16751 0x0000000005a4df10 code [0x0000000005a4e0c0, 0x0000000005a4e5a8]
Event: 53.439 Thread 0x0000000018c39000 16752       3       java.lang.String::<init> (21 bytes)
Event: 53.439 Thread 0x0000000018c39000 nmethod 16752 0x0000000005a4e890 code [0x0000000005a4ea00, 0x0000000005a4ec58]
Event: 53.439 Thread 0x0000000018c39000 16753       3       sun.util.calendar.CalendarDate::getDayOfWeek (18 bytes)
Event: 53.440 Thread 0x0000000018c39000 nmethod 16753 0x0000000005a4ed50 code [0x0000000005a4eea0, 0x0000000005a4f0d0]
Event: 53.440 Thread 0x0000000018c39000 16750       1       org.apache.tools.zip.GeneralPurposeBit::usesUTF8ForNames (5 bytes)
Event: 53.440 Thread 0x0000000018c39000 nmethod 16750 0x0000000005a4f150 code [0x0000000005a4f2a0, 0x0000000005a4f3b0]
Event: 53.440 Thread 0x0000000018c39000 16754       3       java.util.GregorianCalendar::computeFields (1571 bytes)

GC Heap History (10 events):
Event: 17.788 GC heap before
{Heap before GC invocations=13 (full 3):
 PSYoungGen      total 333312K, used 317952K [0x00000000d5580000, 0x00000000f0c80000, 0x0000000100000000)
  eden space 317952K, 100% used [0x00000000d5580000,0x00000000e8c00000,0x00000000e8c00000)
  from space 15360K, 0% used [0x00000000e8c00000,0x00000000e8c00000,0x00000000e9b00000)
  to   space 22016K, 0% used [0x00000000ef700000,0x00000000ef700000,0x00000000f0c80000)
 ParOldGen       total 145408K, used 39138K [0x0000000080000000, 0x0000000088e00000, 0x00000000d5580000)
  object space 145408K, 26% used [0x0000000080000000,0x0000000082638b50,0x0000000088e00000)
 Metaspace       used 74636K, capacity 78008K, committed 78168K, reserved 1116160K
  class space    used 10106K, capacity 10768K, committed 10880K, reserved 1048576K
Event: 17.829 GC heap after
Heap after GC invocations=13 (full 3):
 PSYoungGen      total 422400K, used 21990K [0x00000000d5580000, 0x00000000f1800000, 0x0000000100000000)
  eden space 400384K, 0% used [0x00000000d5580000,0x00000000d5580000,0x00000000edc80000)
  from space 22016K, 99% used [0x00000000ef700000,0x00000000f0c799c0,0x00000000f0c80000)
  to   space 27136K, 0% used [0x00000000edc80000,0x00000000edc80000,0x00000000ef700000)
 ParOldGen       total 145408K, used 45290K [0x0000000080000000, 0x0000000088e00000, 0x00000000d5580000)
  object space 145408K, 31% used [0x0000000080000000,0x0000000082c3aa00,0x0000000088e00000)
 Metaspace       used 74636K, capacity 78008K, committed 78168K, reserved 1116160K
  class space    used 10106K, capacity 10768K, committed 10880K, reserved 1048576K
}
Event: 35.605 GC heap before
{Heap before GC invocations=14 (full 3):
 PSYoungGen      total 422400K, used 422374K [0x00000000d5580000, 0x00000000f1800000, 0x0000000100000000)
  eden space 400384K, 100% used [0x00000000d5580000,0x00000000edc80000,0x00000000edc80000)
  from space 22016K, 99% used [0x00000000ef700000,0x00000000f0c799c0,0x00000000f0c80000)
  to   space 27136K, 0% used [0x00000000edc80000,0x00000000edc80000,0x00000000ef700000)
 ParOldGen       total 145408K, used 45290K [0x0000000080000000, 0x0000000088e00000, 0x00000000d5580000)
  object space 145408K, 31% used [0x0000000080000000,0x0000000082c3aa00,0x0000000088e00000)
 Metaspace       used 90580K, capacity 94770K, committed 94936K, reserved 1132544K
  class space    used 11906K, capacity 12786K, committed 12800K, reserved 1048576K
Event: 35.693 GC heap after
Heap after GC invocations=14 (full 3):
 PSYoungGen      total 427520K, used 27104K [0x00000000d5580000, 0x00000000f8b80000, 0x0000000100000000)
  eden space 400384K, 0% used [0x00000000d5580000,0x00000000d5580000,0x00000000edc80000)
  from space 27136K, 99% used [0x00000000edc80000,0x00000000ef6f8268,0x00000000ef700000)
  to   space 40448K, 0% used [0x00000000f6400000,0x00000000f6400000,0x00000000f8b80000)
 ParOldGen       total 145408K, used 70404K [0x0000000080000000, 0x0000000088e00000, 0x00000000d5580000)
  object space 145408K, 48% used [0x0000000080000000,0x00000000844c1330,0x0000000088e00000)
 Metaspace       used 90580K, capacity 94770K, committed 94936K, reserved 1132544K
  class space    used 11906K, capacity 12786K, committed 12800K, reserved 1048576K
}
Event: 38.743 GC heap before
{Heap before GC invocations=15 (full 3):
 PSYoungGen      total 427520K, used 139868K [0x00000000d5580000, 0x00000000f8b80000, 0x0000000100000000)
  eden space 400384K, 28% used [0x00000000d5580000,0x00000000dc39f140,0x00000000edc80000)
  from space 27136K, 99% used [0x00000000edc80000,0x00000000ef6f8268,0x00000000ef700000)
  to   space 40448K, 0% used [0x00000000f6400000,0x00000000f6400000,0x00000000f8b80000)
 ParOldGen       total 145408K, used 70404K [0x0000000080000000, 0x0000000088e00000, 0x00000000d5580000)
  object space 145408K, 48% used [0x0000000080000000,0x00000000844c1330,0x0000000088e00000)
 Metaspace       used 94150K, capacity 98392K, committed 98496K, reserved 1134592K
  class space    used 12358K, capacity 13303K, committed 13312K, reserved 1048576K
Event: 38.769 GC heap after
Heap after GC invocations=15 (full 3):
 PSYoungGen      total 517632K, used 5370K [0x00000000d5580000, 0x00000000f8080000, 0x0000000100000000)
  eden space 488448K, 0% used [0x00000000d5580000,0x00000000d5580000,0x00000000f3280000)
  from space 29184K, 18% used [0x00000000f6400000,0x00000000f693e820,0x00000000f8080000)
  to   space 39936K, 0% used [0x00000000f3280000,0x00000000f3280000,0x00000000f5980000)
 ParOldGen       total 145408K, used 85172K [0x0000000080000000, 0x0000000088e00000, 0x00000000d5580000)
  object space 145408K, 58% used [0x0000000080000000,0x000000008532d2d0,0x0000000088e00000)
 Metaspace       used 94150K, capacity 98392K, committed 98496K, reserved 1134592K
  class space    used 12358K, capacity 13303K, committed 13312K, reserved 1048576K
}
Event: 38.769 GC heap before
{Heap before GC invocations=16 (full 4):
 PSYoungGen      total 517632K, used 5370K [0x00000000d5580000, 0x00000000f8080000, 0x0000000100000000)
  eden space 488448K, 0% used [0x00000000d5580000,0x00000000d5580000,0x00000000f3280000)
  from space 29184K, 18% used [0x00000000f6400000,0x00000000f693e820,0x00000000f8080000)
  to   space 39936K, 0% used [0x00000000f3280000,0x00000000f3280000,0x00000000f5980000)
 ParOldGen       total 145408K, used 85172K [0x0000000080000000, 0x0000000088e00000, 0x00000000d5580000)
  object space 145408K, 58% used [0x0000000080000000,0x000000008532d2d0,0x0000000088e00000)
 Metaspace       used 94150K, capacity 98392K, committed 98496K, reserved 1134592K
  class space    used 12358K, capacity 13303K, committed 13312K, reserved 1048576K
Event: 39.092 GC heap after
Heap after GC invocations=16 (full 4):
 PSYoungGen      total 517632K, used 0K [0x00000000d5580000, 0x00000000f8080000, 0x0000000100000000)
  eden space 488448K, 0% used [0x00000000d5580000,0x00000000d5580000,0x00000000f3280000)
  from space 29184K, 0% used [0x00000000f6400000,0x00000000f6400000,0x00000000f8080000)
  to   space 39936K, 0% used [0x00000000f3280000,0x00000000f3280000,0x00000000f5980000)
 ParOldGen       total 211968K, used 58768K [0x0000000080000000, 0x000000008cf00000, 0x00000000d5580000)
  object space 211968K, 27% used [0x0000000080000000,0x0000000083964310,0x000000008cf00000)
 Metaspace       used 94143K, capacity 98376K, committed 98496K, reserved 1134592K
  class space    used 12356K, capacity 13299K, committed 13312K, reserved 1048576K
}
Event: 49.524 GC heap before
{Heap before GC invocations=17 (full 4):
 PSYoungGen      total 517632K, used 488448K [0x00000000d5580000, 0x00000000f8080000, 0x0000000100000000)
  eden space 488448K, 100% used [0x00000000d5580000,0x00000000f3280000,0x00000000f3280000)
  from space 29184K, 0% used [0x00000000f6400000,0x00000000f6400000,0x00000000f8080000)
  to   space 39936K, 0% used [0x00000000f3280000,0x00000000f3280000,0x00000000f5980000)
 ParOldGen       total 211968K, used 58768K [0x0000000080000000, 0x000000008cf00000, 0x00000000d5580000)
  object space 211968K, 27% used [0x0000000080000000,0x0000000083964310,0x000000008cf00000)
 Metaspace       used 101373K, capacity 106486K, committed 106560K, reserved 1140736K
  class space    used 13384K, capacity 14414K, committed 14464K, reserved 1048576K
Event: 49.550 GC heap after
Heap after GC invocations=17 (full 4):
 PSYoungGen      total 528384K, used 13260K [0x00000000d5580000, 0x00000000fe080000, 0x0000000100000000)
  eden space 488448K, 0% used [0x00000000d5580000,0x00000000d5580000,0x00000000f3280000)
  from space 39936K, 33% used [0x00000000f3280000,0x00000000f3f73160,0x00000000f5980000)
  to   space 37888K, 0% used [0x00000000fbb80000,0x00000000fbb80000,0x00000000fe080000)
 ParOldGen       total 211968K, used 58776K [0x0000000080000000, 0x000000008cf00000, 0x00000000d5580000)
  object space 211968K, 27% used [0x0000000080000000,0x0000000083966310,0x000000008cf00000)
 Metaspace       used 101373K, capacity 106486K, committed 106560K, reserved 1140736K
  class space    used 13384K, capacity 14414K, committed 14464K, reserved 1048576K
}

Deoptimization events (10 events):
Event: 53.375 Thread 0x0000000019802800 Uncommon trap: reason=unstable_if action=reinterpret pc=0x0000000005a2d7a8 method=com.sun.tools.javac.code.Types$13.visitClassType(Lcom/sun/tools/javac/code/Type$ClassType;Lcom/sun/tools/javac/code/Symbol;)Lcom/sun/tools/javac/code/Type; @ 68
Event: 53.375 Thread 0x0000000019802800 Uncommon trap: reason=unstable_if action=reinterpret pc=0x0000000005a2d7a8 method=com.sun.tools.javac.code.Types$13.visitClassType(Lcom/sun/tools/javac/code/Type$ClassType;Lcom/sun/tools/javac/code/Symbol;)Lcom/sun/tools/javac/code/Type; @ 68
Event: 53.378 Thread 0x0000000019802800 Uncommon trap: reason=unloaded action=reinterpret pc=0x000000000599f2ac method=com.sun.tools.javac.jvm.ClassReader.readPool(I)Ljava/lang/Object; @ 436
Event: 53.381 Thread 0x0000000019802800 Uncommon trap: reason=unstable_if action=reinterpret pc=0x0000000005a0f5bc method=com.sun.tools.javac.code.Scope.lookup(Lcom/sun/tools/javac/util/Name;Lcom/sun/tools/javac/util/Filter;)Lcom/sun/tools/javac/code/Scope$Entry; @ 19
Event: 53.381 Thread 0x0000000019802800 Uncommon trap: reason=unstable_if action=reinterpret pc=0x0000000005a05e5c method=com.sun.tools.javac.code.Types$19.visitClassType(Lcom/sun/tools/javac/code/Type$ClassType;Ljava/lang/Void;)Lcom/sun/tools/javac/util/List; @ 4
Event: 53.381 Thread 0x0000000019802800 Uncommon trap: reason=bimorphic action=maybe_recompile pc=0x00000000059ed8dc method=com.sun.tools.javac.code.Types$UnaryVisitor.visit(Lcom/sun/tools/javac/code/Type;)Ljava/lang/Object; @ 3
Event: 53.381 Thread 0x0000000019802800 Uncommon trap: reason=class_check action=maybe_recompile pc=0x00000000059f7b1c method=com.sun.tools.javac.code.Types$18.visitClassType(Lcom/sun/tools/javac/code/Type$ClassType;Ljava/lang/Void;)Lcom/sun/tools/javac/code/Type; @ 19
Event: 53.381 Thread 0x0000000019802800 Uncommon trap: reason=unstable_if action=reinterpret pc=0x000000000531c09c method=com.sun.tools.javac.code.Types$19.visitClassType(Lcom/sun/tools/javac/code/Type$ClassType;Ljava/lang/Void;)Lcom/sun/tools/javac/util/List; @ 4
Event: 53.383 Thread 0x0000000019802800 Uncommon trap: reason=unstable_if action=reinterpret pc=0x00000000059eb700 method=com.sun.tools.javac.code.Scope.enter(Lcom/sun/tools/javac/code/Symbol;Lcom/sun/tools/javac/code/Scope;Lcom/sun/tools/javac/code/Scope;Z)V @ 116
Event: 53.423 Thread 0x000000001e485800 Uncommon trap: reason=unstable_if action=reinterpret pc=0x0000000003c39634 method=java.lang.StringCoding$StringDecoder.decode([BII)[C @ 20

Classes redefined (0 events):
No events

Internal exceptions (10 events):
Event: 47.501 Thread 0x000000001e491800 Exception <a 'java/lang/NoSuchMethodError': java.lang.Object.lambda$comparingInt$7b0bb60$1(Ljava/util/function/ToIntFunction;Ljava/lang/Object;Ljava/lang/Object;)I> (0x00000000e9cca118) thrown at [C:\src\AOSP-openjdk-git\hotspot\src\share\vm\interpreter\l
Event: 47.792 Thread 0x000000001e491800 Exception <a 'sun/nio/fs/WindowsException'> (0x00000000eaf051c8) thrown at [C:\src\AOSP-openjdk-git\hotspot\src\share\vm\prims\jni.cpp, line 710]
Event: 47.799 Thread 0x000000001e491800 Exception <a 'sun/nio/fs/WindowsException'> (0x00000000eaf23cc0) thrown at [C:\src\AOSP-openjdk-git\hotspot\src\share\vm\prims\jni.cpp, line 710]
Event: 47.799 Thread 0x000000001e491800 Exception <a 'sun/nio/fs/WindowsException'> (0x00000000eaf24168) thrown at [C:\src\AOSP-openjdk-git\hotspot\src\share\vm\prims\jni.cpp, line 710]
Event: 51.257 Thread 0x0000000019802800 Exception <a 'sun/nio/fs/WindowsException'> (0x00000000d84de2e8) thrown at [C:\src\AOSP-openjdk-git\hotspot\src\share\vm\prims\jni.cpp, line 710]
Event: 51.257 Thread 0x0000000019802800 Exception <a 'sun/nio/fs/WindowsException'> (0x00000000d84dfb48) thrown at [C:\src\AOSP-openjdk-git\hotspot\src\share\vm\prims\jni.cpp, line 710]
Event: 51.259 Thread 0x0000000019802800 Exception <a 'sun/nio/fs/WindowsException'> (0x00000000d84e8dd0) thrown at [C:\src\AOSP-openjdk-git\hotspot\src\share\vm\prims\jni.cpp, line 710]
Event: 51.259 Thread 0x0000000019802800 Exception <a 'sun/nio/fs/WindowsException'> (0x00000000d84ea678) thrown at [C:\src\AOSP-openjdk-git\hotspot\src\share\vm\prims\jni.cpp, line 710]
Event: 51.260 Thread 0x0000000019802800 Exception <a 'sun/nio/fs/WindowsException'> (0x00000000d84ed1a8) thrown at [C:\src\AOSP-openjdk-git\hotspot\src\share\vm\prims\jni.cpp, line 710]
Event: 51.260 Thread 0x0000000019802800 Exception <a 'sun/nio/fs/WindowsException'> (0x00000000d84eea60) thrown at [C:\src\AOSP-openjdk-git\hotspot\src\share\vm\prims\jni.cpp, line 710]

Events (10 events):
Event: 53.433 loading class org/gradle/internal/serialize/IntSetSerializer
Event: 53.433 loading class org/gradle/internal/serialize/IntSetSerializer done
Event: 53.434 loading class it/unimi/dsi/fastutil/ints/IntOpenHashSet
Event: 53.434 loading class it/unimi/dsi/fastutil/ints/IntOpenHashSet done
Event: 53.440 loading class it/unimi/dsi/fastutil/Hash
Event: 53.440 loading class it/unimi/dsi/fastutil/Hash done
Event: 53.441 loading class it/unimi/dsi/fastutil/ints/AbstractIntSet
Event: 53.441 loading class it/unimi/dsi/fastutil/ints/AbstractIntSet done
Event: 53.442 loading class it/unimi/dsi/fastutil/ints/AbstractIntCollection
Event: 53.442 loading class it/unimi/dsi/fastutil/ints/AbstractIntCollection done


Dynamic libraries:
0x00007ff68ad90000 - 0x00007ff68adc1000 	C:\Program Files\Android\Android Studio\jre\bin\java.exe
0x00007ffb7ebb0000 - 0x00007ffb7eda6000 	C:\WINDOWS\SYSTEM32\ntdll.dll
0x00007ffb7d800000 - 0x00007ffb7d8bd000 	C:\WINDOWS\System32\KERNEL32.DLL
0x00007ffb7c320000 - 0x00007ffb7c5e9000 	C:\WINDOWS\System32\KERNELBASE.dll
0x00007ffb7d2e0000 - 0x00007ffb7d38c000 	C:\WINDOWS\System32\ADVAPI32.dll
0x00007ffb7d130000 - 0x00007ffb7d1ce000 	C:\WINDOWS\System32\msvcrt.dll
0x00007ffb7d760000 - 0x00007ffb7d7fc000 	C:\WINDOWS\System32\sechost.dll
0x00007ffb7de70000 - 0x00007ffb7df9b000 	C:\WINDOWS\System32\RPCRT4.dll
0x00007ffb7e130000 - 0x00007ffb7e2d0000 	C:\WINDOWS\System32\USER32.dll
0x00007ffb7c2f0000 - 0x00007ffb7c312000 	C:\WINDOWS\System32\win32u.dll
0x00007ffb7dc30000 - 0x00007ffb7dc5a000 	C:\WINDOWS\System32\GDI32.dll
0x00007ffb7c6f0000 - 0x00007ffb7c7fb000 	C:\WINDOWS\System32\gdi32full.dll
0x00007ffb7c850000 - 0x00007ffb7c8ed000 	C:\WINDOWS\System32\msvcp_win.dll
0x00007ffb7c5f0000 - 0x00007ffb7c6f0000 	C:\WINDOWS\System32\ucrtbase.dll
0x00007ffb69230000 - 0x00007ffb694cb000 	C:\WINDOWS\WinSxS\amd64_microsoft.windows.common-controls_6595b64144ccf1df_6.0.19041.746_none_ca02b4b61b8320a4\COMCTL32.dll
0x00007ffb7d650000 - 0x00007ffb7d680000 	C:\WINDOWS\System32\IMM32.DLL
0x00000000593d0000 - 0x00000000594a2000 	C:\Program Files\Android\Android Studio\jre\jre\bin\msvcr100.dll
0x00000000582a0000 - 0x0000000058aeb000 	C:\Program Files\Android\Android Studio\jre\jre\bin\server\jvm.dll
0x00007ffb7dc20000 - 0x00007ffb7dc28000 	C:\WINDOWS\System32\PSAPI.DLL
0x00007ffb69690000 - 0x00007ffb696b7000 	C:\WINDOWS\SYSTEM32\WINMM.dll
0x00007ffb741a0000 - 0x00007ffb741aa000 	C:\WINDOWS\SYSTEM32\VERSION.dll
0x00007ffb7aab0000 - 0x00007ffb7aab9000 	C:\WINDOWS\SYSTEM32\WSOCK32.dll
0x00007ffb7dcc0000 - 0x00007ffb7dd2b000 	C:\WINDOWS\System32\WS2_32.dll
0x00007ffb77650000 - 0x00007ffb7765f000 	C:\Program Files\Android\Android Studio\jre\jre\bin\verify.dll
0x00007ffb760a0000 - 0x00007ffb760c9000 	C:\Program Files\Android\Android Studio\jre\jre\bin\java.dll
0x00007ffb72b50000 - 0x00007ffb72b66000 	C:\Program Files\Android\Android Studio\jre\jre\bin\zip.dll
0x00007ffb7e420000 - 0x00007ffb7eb63000 	C:\WINDOWS\System32\SHELL32.dll
0x00007ffb7a040000 - 0x00007ffb7a7cf000 	C:\WINDOWS\SYSTEM32\windows.storage.dll
0x00007ffb7d8c0000 - 0x00007ffb7dc16000 	C:\WINDOWS\System32\combase.dll
0x00007ffb7bd50000 - 0x00007ffb7bd7c000 	C:\WINDOWS\SYSTEM32\Wldp.dll
0x00007ffb7cc10000 - 0x00007ffb7ccbe000 	C:\WINDOWS\System32\SHCORE.dll
0x00007ffb7d5f0000 - 0x00007ffb7d645000 	C:\WINDOWS\System32\shlwapi.dll
0x00007ffb7c220000 - 0x00007ffb7c246000 	C:\WINDOWS\SYSTEM32\profapi.dll
0x00007ffb5ec80000 - 0x00007ffb5ec9a000 	C:\Program Files\Android\Android Studio\jre\jre\bin\net.dll
0x00007ffb7bad0000 - 0x00007ffb7bb3a000 	C:\WINDOWS\system32\mswsock.dll
0x00007ffb5eb90000 - 0x00007ffb5eba3000 	C:\Program Files\Android\Android Studio\jre\jre\bin\nio.dll
0x00007ffb58a80000 - 0x00007ffb58aa7000 	C:\Users\user\.gradle\native\f6784746aeab05261644944871eae4fe03e0ef1612fff0a4a95f87b438bc6780\windows-amd64\native-platform.dll
0x00007ffb74730000 - 0x00007ffb7473d000 	C:\Program Files\Android\Android Studio\jre\jre\bin\management.dll
0x00007ffb7bcb0000 - 0x00007ffb7bcc8000 	C:\WINDOWS\SYSTEM32\CRYPTSP.dll
0x00007ffb7b400000 - 0x00007ffb7b434000 	C:\WINDOWS\system32\rsaenh.dll
0x00007ffb7cb60000 - 0x00007ffb7cb87000 	C:\WINDOWS\System32\bcrypt.dll
0x00007ffb7c1a0000 - 0x00007ffb7c1ce000 	C:\WINDOWS\SYSTEM32\USERENV.dll
0x00007ffb7cb90000 - 0x00007ffb7cc10000 	C:\WINDOWS\System32\bcryptprimitives.dll
0x00007ffb7bca0000 - 0x00007ffb7bcac000 	C:\WINDOWS\SYSTEM32\CRYPTBASE.dll
0x00007ffb7b770000 - 0x00007ffb7b7ab000 	C:\WINDOWS\SYSTEM32\IPHLPAPI.DLL
0x00007ffb7d2d0000 - 0x00007ffb7d2d8000 	C:\WINDOWS\System32\NSI.dll
0x00007ffb73a10000 - 0x00007ffb73a27000 	C:\WINDOWS\SYSTEM32\dhcpcsvc6.DLL
0x00007ffb74410000 - 0x00007ffb7442d000 	C:\WINDOWS\SYSTEM32\dhcpcsvc.DLL
0x00007ffb7b7b0000 - 0x00007ffb7b87b000 	C:\WINDOWS\SYSTEM32\DNSAPI.dll
0x00007ffb74190000 - 0x00007ffb7419b000 	C:\WINDOWS\SYSTEM32\WINNSI.DLL
0x00007ffb5e6c0000 - 0x00007ffb5e6e4000 	C:\Program Files\Android\Android Studio\jre\jre\bin\sunec.dll
0x00007ffb668b0000 - 0x00007ffb668ba000 	C:\Windows\System32\rasadhlp.dll
0x00007ffb67c30000 - 0x00007ffb67caf000 	C:\WINDOWS\System32\fwpuclnt.dll
0x00007ffb67820000 - 0x00007ffb6782b000 	C:\Program Files\Android\Android Studio\jre\jre\bin\sunmscapi.dll
0x00007ffb7ca00000 - 0x00007ffb7cb56000 	C:\WINDOWS\System32\CRYPT32.dll
0x00007ffb7b030000 - 0x00007ffb7b063000 	C:\WINDOWS\SYSTEM32\ntmarta.dll

VM Arguments:
jvm_args: -Xmx2048m -Dfile.encoding=UTF-8 -Duser.country=TW -Duser.language=zh -Duser.variant 
java_command: org.gradle.launcher.daemon.bootstrap.GradleDaemon 6.5
java_class_path (initial): C:\Users\user\.gradle\wrapper\dists\gradle-6.5-bin\6nifqtx7604sqp1q6g8wikw7p\gradle-6.5\lib\gradle-launcher-6.5.jar
Launcher Type: SUN_STANDARD

Environment Variables:
PATH=C:\Program Files (x86)\Intel\iCLS Client\;C:\Program Files\Intel\iCLS Client\;C:\Windows\system32;C:\Windows;C:\Windows\System32\Wbem;C:\Windows\System32\WindowsPowerShell\v1.0\;C:\Program Files (x86)\NVIDIA Corporation\PhysX\Common;C:\Program Files (x86)\Intel\Intel(R) Management Engine Components\DAL;C:\Program Files\Intel\Intel(R) Management Engine Components\DAL;C:\Program Files (x86)\Intel\Intel(R) Management Engine Components\IPT;C:\Program Files\Intel\Intel(R) Management Engine Components\IPT;C:\WINDOWS\system32;C:\WINDOWS;C:\WINDOWS\System32\Wbem;C:\WINDOWS\System32\WindowsPowerShell\v1.0\;C:\Program Files (x86)\QTSystem\;C:\WINDOWS\System32\OpenSSH\;C:\Program Files\Git\cmd;C:\Users\user\AppData\Local\Programs\Python\Python39\Scripts\;C:\Users\user\AppData\Local\Programs\Python\Python39\;C:\Users\user\AppData\Local\Microsoft\WindowsApps;
USERNAME=user
OS=Windows_NT
PROCESSOR_IDENTIFIER=Intel64 Family 6 Model 142 Stepping 9, GenuineIntel



---------------  S Y S T E M  ---------------

OS: Windows 10.0 , 64 bit Build 19041 (10.0.19041.662)

CPU:total 4 (initial active 4) (2 cores per cpu, 2 threads per core) family 6 model 142 stepping 9, cmov, cx8, fxsr, mmx, sse, sse2, sse3, ssse3, sse4.1, sse4.2, popcnt, avx, avx2, aes, clmul, erms, 3dnowpref, lzcnt, ht, tsc, tscinvbit, bmi1, bmi2, adx

Memory: 4k page, physical 12464412k(1224948k free), swap 16281324k(0k free)

vm_info: OpenJDK 64-Bit Server VM (25.242-b01) for windows-amd64 JRE (1.8.0_242-release-1644-b01), built by "builder" with MS VC++ 10.0 (VS2010)

time: Sun Feb 14 20:01:05 2021
timezone: x_
elapsed time: 53 seconds (0d 0h 0m 53s)

